SanasAR/Library/Bee/Android/Prj/Mono2x/Gradle/launcher/build/intermediates/manifest_merge_blame_file/release/manifest-merger-blame-release-report.txt
1<?xml version="1.0" encoding="utf-8"?>
2<manifest xmlns:android="http://schemas.android.com/apk/res/android"
3    package="com.Chovanec.SanasARdelete"
4    android:installLocation="preferExternal"
5    android:versionCode="1"
6    android:versionName="0.2" >
7
8    <uses-sdk
9        android:minSdkVersion="24"
9-->src\main\AndroidManifest.xml
10        android:targetSdkVersion="32" />
10-->src\main\AndroidManifest.xml
11
12    <supports-screens
12-->src\main\AndroidManifest.xml:4:3-163
13        android:anyDensity="true"
13-->src\main\AndroidManifest.xml:4:135-160
14        android:largeScreens="true"
14-->src\main\AndroidManifest.xml:4:78-105
15        android:normalScreens="true"
15-->src\main\AndroidManifest.xml:4:49-77
16        android:smallScreens="true"
16-->src\main\AndroidManifest.xml:4:21-48
17        android:xlargeScreens="true" />
17-->src\main\AndroidManifest.xml:4:106-134
18
19    <uses-permission android:name="android.permission.INTERNET" />
19-->[:unityLibrary] AndroidManifest.xml:10:5-67
19-->[:unityLibrary] AndroidManifest.xml:10:22-64
20    <uses-permission android:name="android.permission.ACCESS_NETWORK_STATE" />
20-->[:unityLibrary] AndroidManifest.xml:11:5-79
20-->[:unityLibrary] AndroidManifest.xml:11:22-76
21
22    <uses-feature android:glEsVersion="0x00030000" />
22-->[:unityLibrary] AndroidManifest.xml:13:5-54
22-->[:unityLibrary] AndroidManifest.xml:13:19-51
23    <uses-feature
23-->[:unityLibrary] AndroidManifest.xml:14:5-16:36
24        android:name="android.hardware.touchscreen"
24-->[:unityLibrary] AndroidManifest.xml:15:9-52
25        android:required="false" />
25-->[:unityLibrary] AndroidManifest.xml:16:9-33
26    <uses-feature
26-->[:unityLibrary] AndroidManifest.xml:17:5-19:36
27        android:name="android.hardware.touchscreen.multitouch"
27-->[:unityLibrary] AndroidManifest.xml:18:9-63
28        android:required="false" />
28-->[:unityLibrary] AndroidManifest.xml:19:9-33
29    <uses-feature
29-->[:unityLibrary] AndroidManifest.xml:20:5-22:36
30        android:name="android.hardware.touchscreen.multitouch.distinct"
30-->[:unityLibrary] AndroidManifest.xml:21:9-72
31        android:required="false" />
31-->[:unityLibrary] AndroidManifest.xml:22:9-33
32
33    <uses-permission android:name="android.permission.CAMERA" />
33-->[:unityLibrary] AndroidManifest.xml:24:5-65
33-->[:unityLibrary] AndroidManifest.xml:24:22-62
34
35    <queries>
35-->[:arcore_client:] AndroidManifest.xml:29:5-31:15
36        <package android:name="com.google.ar.core" />
36-->[:arcore_client:] AndroidManifest.xml:30:9-54
36-->[:arcore_client:] AndroidManifest.xml:30:18-51
37    </queries>
38
39    <application
39-->src\main\AndroidManifest.xml:3:3-83
40        android:extractNativeLibs="true"
40-->[:unityLibrary] AndroidManifest.xml:26:18-50
41        android:icon="@mipmap/app_icon"
41-->src\main\AndroidManifest.xml:3:49-80
42        android:label="@string/app_name" >
42-->src\main\AndroidManifest.xml:3:16-48
43        <meta-data
43-->[:unityLibrary] AndroidManifest.xml:27:9-29:33
44            android:name="unity.splash-mode"
44-->[:unityLibrary] AndroidManifest.xml:28:13-45
45            android:value="0" />
45-->[:unityLibrary] AndroidManifest.xml:29:13-30
46        <meta-data
46-->[:unityLibrary] AndroidManifest.xml:30:9-32:36
47            android:name="unity.splash-enable"
47-->[:unityLibrary] AndroidManifest.xml:31:13-47
48            android:value="True" />
48-->[:unityLibrary] AndroidManifest.xml:32:13-33
49        <meta-data
49-->[:unityLibrary] AndroidManifest.xml:33:9-35:36
50            android:name="unity.launch-fullscreen"
50-->[:unityLibrary] AndroidManifest.xml:34:13-51
51            android:value="True" />
51-->[:unityLibrary] AndroidManifest.xml:35:13-33
52        <meta-data
52-->[:unityLibrary] AndroidManifest.xml:36:9-38:37
53            android:name="unity.allow-resizable-window"
53-->[:unityLibrary] AndroidManifest.xml:37:13-56
54            android:value="False" />
54-->[:unityLibrary] AndroidManifest.xml:38:13-34
55        <meta-data
55-->[:unityLibrary] AndroidManifest.xml:39:9-41:50
56            android:name="notch.config"
56-->[:unityLibrary] AndroidManifest.xml:40:13-40
57            android:value="portrait|landscape" />
57-->[:unityLibrary] AndroidManifest.xml:41:13-47
58
59        <activity
59-->[:unityLibrary] AndroidManifest.xml:43:9-64:20
60            android:name="com.unity3d.player.UnityPlayerActivity"
60-->[:unityLibrary] AndroidManifest.xml:44:13-66
61            android:configChanges="mcc|mnc|locale|touchscreen|keyboard|keyboardHidden|navigation|orientation|screenLayout|uiMode|screenSize|smallestScreenSize|fontScale|layoutDirection|density"
61-->[:unityLibrary] AndroidManifest.xml:45:13-194
62            android:exported="true"
62-->[:unityLibrary] AndroidManifest.xml:46:13-36
63            android:hardwareAccelerated="false"
63-->[:unityLibrary] AndroidManifest.xml:47:13-48
64            android:launchMode="singleTask"
64-->[:unityLibrary] AndroidManifest.xml:48:13-44
65            android:resizeableActivity="false"
65-->[:unityLibrary] AndroidManifest.xml:49:13-47
66            android:screenOrientation="fullUser"
66-->[:unityLibrary] AndroidManifest.xml:50:13-49
67            android:theme="@style/UnityThemeSelector" >
67-->[:unityLibrary] AndroidManifest.xml:51:13-54
68            <intent-filter>
68-->[:unityLibrary] AndroidManifest.xml:52:13-56:29
69                <category android:name="android.intent.category.LAUNCHER" />
69-->[:unityLibrary] AndroidManifest.xml:53:17-77
69-->[:unityLibrary] AndroidManifest.xml:53:27-74
70
71                <action android:name="android.intent.action.MAIN" />
71-->[:unityLibrary] AndroidManifest.xml:55:17-69
71-->[:unityLibrary] AndroidManifest.xml:55:25-66
72            </intent-filter>
73
74            <meta-data
74-->[:unityLibrary] AndroidManifest.xml:58:13-60:40
75                android:name="unityplayer.UnityActivity"
75-->[:unityLibrary] AndroidManifest.xml:59:17-57
76                android:value="true" />
76-->[:unityLibrary] AndroidManifest.xml:60:17-37
77            <meta-data
77-->[:unityLibrary] AndroidManifest.xml:61:13-63:40
78                android:name="notch_support"
78-->[:unityLibrary] AndroidManifest.xml:62:17-45
79                android:value="true" />
79-->[:unityLibrary] AndroidManifest.xml:63:17-37
80        </activity>
81
82        <meta-data
82-->[:unityLibrary] AndroidManifest.xml:66:9-68:36
83            android:name="unityplayer.SkipPermissionsDialog"
83-->[:unityLibrary] AndroidManifest.xml:67:13-61
84            android:value="true" />
84-->[:unityLibrary] AndroidManifest.xml:68:13-33
85        <meta-data
85-->[:unityLibrary] AndroidManifest.xml:69:9-71:40
86            android:name="com.google.ar.core"
86-->[:unityLibrary] AndroidManifest.xml:70:13-46
87            android:value="optional" /> <!-- The minimal version code of ARCore APK required for an app using this SDK. -->
87-->[:unityLibrary] AndroidManifest.xml:71:13-37
88        <meta-data
88-->[:arcore_client:] AndroidManifest.xml:36:9-38:41
89            android:name="com.google.ar.core.min_apk_version"
89-->[:arcore_client:] AndroidManifest.xml:37:13-62
90            android:value="220920000" /> <!-- This activity is critical for installing ARCore when it is not already present. -->
90-->[:arcore_client:] AndroidManifest.xml:38:13-38
91        <activity
91-->[:arcore_client:] AndroidManifest.xml:40:9-46:80
92            android:name="com.google.ar.core.InstallActivity"
92-->[:arcore_client:] AndroidManifest.xml:41:13-62
93            android:configChanges="keyboardHidden|orientation|screenSize"
93-->[:arcore_client:] AndroidManifest.xml:42:13-74
94            android:excludeFromRecents="true"
94-->[:arcore_client:] AndroidManifest.xml:43:13-46
95            android:exported="false"
95-->[:arcore_client:] AndroidManifest.xml:44:13-37
96            android:launchMode="singleTop"
96-->[:arcore_client:] AndroidManifest.xml:45:13-43
97            android:theme="@android:style/Theme.Material.Light.Dialog.Alert" />
97-->[:arcore_client:] AndroidManifest.xml:46:13-77
98    </application>
99
100</manifest>